<?xml version="1.0" encoding="UTF-8"?>
<!-- Generated by org.testng.reporters.JUnitXMLReporter -->
<testsuite hostname="kevser" ignored="0" name="VerifyLandingPageTitleTest" tests="1" failures="1" timestamp="01 May 2018 23:20:56 GMT" time="12.063" errors="0">
  <testcase name="Login" time="0.016" classname="Academy.VerifyLandingPageTitleTest">
    <failure type="java.lang.AssertionError" message="expected [QA Click Academy | Selenium,Jmeter,SoapUI,Appium,Database testing,QA Training ] but found [QA Click Academy | Selenium,Jmeter,SoapUI,Appium,Database testing,QA Training Academy]">
      <![CDATA[java.lang.AssertionError: expected [QA Click Academy | Selenium,Jmeter,SoapUI,Appium,Database testing,QA Training ] but found [QA Click Academy | Selenium,Jmeter,SoapUI,Appium,Database testing,QA Training Academy]
at Academy.VerifyLandingPageTitleTest.Login(VerifyLandingPageTitleTest.java:37)
... Removed 31 stack frames]]>
    </failure>
  </testcase> <!-- Login -->
</testsuite> <!-- VerifyLandingPageTitleTest -->
